//------------------------------------------------------------------------------
//--  Generated by TunerStudio 
//--  Date: 10-16-2018
//--  Time: 15:54
//--  This file merely records what was sent to your Controller,        
//--  and may be deleted at any time.                                                    
//--  Selected type: Air Temperature Sensor 
//------------------------------------------------------------------------------

//-- generated using refTable Generator:thermGenerator
//-- Table Identifier:001//--    Generated by ThermTableGenerator using user input values. 
//--    Bias Resistor value: 2490.0 Ohms
//--    Temperature1: -10.0(C), 	Resistance 1: 9300.0 Ohms 
//--    Temperature2: 20.0(C), 	Resistance 2: 2500.0 Ohms 
//--    Temperature3: 80.0(C), 	Resistance 3: 335.0 Ohms 
//-- 

//----------------------------------------------------------//
ADC 	Value 	MSVal 	volts
0	70.00	700 	0.000
1	70.00	700 	0.005
2	70.00	700 	0.010
3	70.00	700 	0.015
4	70.00	700 	0.020
5	70.00	700 	0.024
6	70.00	700 	0.029
7	70.00	700 	0.034
8	70.00	700 	0.039
9	70.00	700 	0.044
10	70.00	700 	0.049
11	70.00	700 	0.054
12	70.00	700 	0.059
13	70.00	700 	0.063
14	70.00	700 	0.068
15	70.00	700 	0.073
16	347.07	3471 	0.078
17	340.92	3409 	0.083
18	335.19	3352 	0.088
19	329.84	3298 	0.093
20	324.83	3248 	0.098
21	320.11	3201 	0.103
22	315.66	3157 	0.107
23	311.45	3114 	0.112
24	307.45	3075 	0.117
25	303.65	3037 	0.122
26	300.03	3000 	0.127
27	296.58	2966 	0.132
28	293.27	2933 	0.137
29	290.10	2901 	0.142
30	287.07	2871 	0.146
31	284.15	2841 	0.151
32	281.34	2813 	0.156
33	278.64	2786 	0.161
34	276.03	2760 	0.166
35	273.51	2735 	0.171
36	271.07	2711 	0.176
37	268.72	2687 	0.181
38	266.44	2664 	0.186
39	264.23	2642 	0.190
40	262.08	2621 	0.195
41	260.00	2600 	0.200
42	257.98	2580 	0.205
43	256.01	2560 	0.210
44	254.10	2541 	0.215
45	252.23	2522 	0.220
46	250.42	2504 	0.225
47	248.65	2486 	0.229
48	246.92	2469 	0.234
49	245.24	2452 	0.239
50	243.59	2436 	0.244
51	241.99	2420 	0.249
52	240.42	2404 	0.254
53	238.88	2389 	0.259
54	237.38	2374 	0.264
55	235.91	2359 	0.269
56	234.47	2345 	0.273
57	233.06	2331 	0.278
58	231.68	2317 	0.283
59	230.33	2303 	0.288
60	229.00	2290 	0.293
61	227.70	2277 	0.298
62	226.42	2264 	0.303
63	225.17	2252 	0.308
64	223.93	2239 	0.313
65	222.72	2227 	0.317
66	221.54	2215 	0.322
67	220.37	2204 	0.327
68	219.22	2192 	0.332
69	218.09	2181 	0.337
70	216.98	2170 	0.342
71	215.89	2159 	0.347
72	214.81	2148 	0.352
73	213.75	2138 	0.356
74	212.71	2127 	0.361
75	211.69	2117 	0.366
76	210.68	2107 	0.371
77	209.68	2097 	0.376
78	208.70	2087 	0.381
79	207.73	2077 	0.386
80	206.78	2068 	0.391
81	205.84	2058 	0.396
82	204.91	2049 	0.400
83	204.00	2040 	0.405
84	203.10	2031 	0.410
85	202.21	2022 	0.415
86	201.33	2013 	0.420
87	200.46	2005 	0.425
88	199.61	1996 	0.430
89	198.76	1988 	0.435
90	197.93	1979 	0.439
91	197.10	1971 	0.444
92	196.29	1963 	0.449
93	195.49	1955 	0.454
94	194.69	1947 	0.459
95	193.91	1939 	0.464
96	193.13	1931 	0.469
97	192.36	1924 	0.474
98	191.60	1916 	0.479
99	190.85	1909 	0.483
100	190.11	1901 	0.488
101	189.38	1894 	0.493
102	188.65	1887 	0.498
103	187.94	1879 	0.503
104	187.23	1872 	0.508
105	186.52	1865 	0.513
106	185.83	1858 	0.518
107	185.14	1851 	0.522
108	184.46	1845 	0.527
109	183.79	1838 	0.532
110	183.12	1831 	0.537
111	182.46	1825 	0.542
112	181.80	1818 	0.547
113	181.16	1812 	0.552
114	180.51	1805 	0.557
115	179.88	1799 	0.562
116	179.25	1792 	0.566
117	178.62	1786 	0.571
118	178.01	1780 	0.576
119	177.39	1774 	0.581
120	176.79	1768 	0.586
121	176.19	1762 	0.591
122	175.59	1756 	0.596
123	175.00	1750 	0.601
124	174.41	1744 	0.605
125	173.83	1738 	0.610
126	173.26	1733 	0.615
127	172.69	1727 	0.620
128	172.12	1721 	0.625
129	171.56	1716 	0.630
130	171.00	1710 	0.635
131	170.45	1705 	0.640
132	169.90	1699 	0.645
133	169.36	1694 	0.649
134	168.82	1688 	0.654
135	168.29	1683 	0.659
136	167.76	1678 	0.664
137	167.23	1672 	0.669
138	166.71	1667 	0.674
139	166.19	1662 	0.679
140	165.68	1657 	0.684
141	165.16	1652 	0.688
142	164.66	1647 	0.693
143	164.16	1642 	0.698
144	163.66	1637 	0.703
145	163.16	1632 	0.708
146	162.67	1627 	0.713
147	162.18	1622 	0.718
148	161.70	1617 	0.723
149	161.21	1612 	0.728
150	160.74	1607 	0.732
151	160.26	1603 	0.737
152	159.79	1598 	0.742
153	159.32	1593 	0.747
154	158.86	1589 	0.752
155	158.39	1584 	0.757
156	157.93	1579 	0.762
157	157.48	1575 	0.767
158	157.02	1570 	0.771
159	156.57	1566 	0.776
160	156.13	1561 	0.781
161	155.68	1557 	0.786
162	155.24	1552 	0.791
163	154.80	1548 	0.796
164	154.37	1544 	0.801
165	153.93	1539 	0.806
166	153.50	1535 	0.811
167	153.08	1531 	0.815
168	152.65	1527 	0.820
169	152.23	1522 	0.825
170	151.81	1518 	0.830
171	151.39	1514 	0.835
172	150.98	1510 	0.840
173	150.56	1506 	0.845
174	150.15	1502 	0.850
175	149.74	1497 	0.854
176	149.34	1493 	0.859
177	148.94	1489 	0.864
178	148.53	1485 	0.869
179	148.14	1481 	0.874
180	147.74	1477 	0.879
181	147.35	1473 	0.884
182	146.95	1470 	0.889
183	146.56	1466 	0.894
184	146.18	1462 	0.898
185	145.79	1458 	0.903
186	145.41	1454 	0.908
187	145.02	1450 	0.913
188	144.65	1446 	0.918
189	144.27	1443 	0.923
190	143.89	1439 	0.928
191	143.52	1435 	0.933
192	143.15	1431 	0.938
193	142.78	1428 	0.942
194	142.41	1424 	0.947
195	142.04	1420 	0.952
196	141.68	1417 	0.957
197	141.32	1413 	0.962
198	140.96	1410 	0.967
199	140.60	1406 	0.972
200	140.24	1402 	0.977
201	139.89	1399 	0.981
202	139.53	1395 	0.986
203	139.18	1392 	0.991
204	138.83	1388 	0.996
205	138.48	1385 	1.001
206	138.13	1381 	1.006
207	137.79	1378 	1.011
208	137.45	1374 	1.016
209	137.10	1371 	1.021
210	136.76	1368 	1.025
211	136.42	1364 	1.030
212	136.09	1361 	1.035
213	135.75	1358 	1.040
214	135.42	1354 	1.045
215	135.08	1351 	1.050
216	134.75	1348 	1.055
217	134.42	1344 	1.060
218	134.09	1341 	1.064
219	133.77	1338 	1.069
220	133.44	1334 	1.074
221	133.12	1331 	1.079
222	132.79	1328 	1.084
223	132.47	1325 	1.089
224	132.15	1322 	1.094
225	131.83	1318 	1.099
226	131.52	1315 	1.104
227	131.20	1312 	1.108
228	130.89	1309 	1.113
229	130.57	1306 	1.118
230	130.26	1303 	1.123
231	129.95	1299 	1.128
232	129.64	1296 	1.133
233	129.33	1293 	1.138
234	129.02	1290 	1.143
235	128.72	1287 	1.147
236	128.41	1284 	1.152
237	128.11	1281 	1.157
238	127.81	1278 	1.162
239	127.51	1275 	1.167
240	127.21	1272 	1.172
241	126.91	1269 	1.177
242	126.61	1266 	1.182
243	126.31	1263 	1.187
244	126.02	1260 	1.191
245	125.72	1257 	1.196
246	125.43	1254 	1.201
247	125.14	1251 	1.206
248	124.85	1248 	1.211
249	124.56	1246 	1.216
250	124.27	1243 	1.221
251	123.98	1240 	1.226
252	123.69	1237 	1.230
253	123.41	1234 	1.235
254	123.12	1231 	1.240
255	122.84	1228 	1.245
256	122.55	1226 	1.250
257	122.27	1223 	1.255
258	121.99	1220 	1.260
259	121.71	1217 	1.265
260	121.43	1214 	1.270
261	121.15	1212 	1.274
262	120.88	1209 	1.279
263	120.60	1206 	1.284
264	120.33	1203 	1.289
265	120.05	1201 	1.294
266	119.78	1198 	1.299
267	119.51	1195 	1.304
268	119.23	1192 	1.309
269	118.96	1190 	1.313
270	118.69	1187 	1.318
271	118.42	1184 	1.323
272	118.16	1182 	1.328
273	117.89	1179 	1.333
274	117.62	1176 	1.338
275	117.36	1174 	1.343
276	117.09	1171 	1.348
277	116.83	1168 	1.353
278	116.57	1166 	1.357
279	116.30	1163 	1.362
280	116.04	1160 	1.367
281	115.78	1158 	1.372
282	115.52	1155 	1.377
283	115.26	1153 	1.382
284	115.00	1150 	1.387
285	114.75	1147 	1.392
286	114.49	1145 	1.396
287	114.23	1142 	1.401
288	113.98	1140 	1.406
289	113.72	1137 	1.411
290	113.47	1135 	1.416
291	113.22	1132 	1.421
292	112.96	1130 	1.426
293	112.71	1127 	1.431
294	112.46	1125 	1.436
295	112.21	1122 	1.440
296	111.96	1120 	1.445
297	111.71	1117 	1.450
298	111.46	1115 	1.455
299	111.22	1112 	1.460
300	110.97	1110 	1.465
301	110.72	1107 	1.470
302	110.48	1105 	1.475
303	110.23	1102 	1.479
304	109.99	1100 	1.484
305	109.75	1097 	1.489
306	109.50	1095 	1.494
307	109.26	1093 	1.499
308	109.02	1090 	1.504
309	108.78	1088 	1.509
310	108.54	1085 	1.514
311	108.30	1083 	1.519
312	108.06	1081 	1.523
313	107.82	1078 	1.528
314	107.59	1076 	1.533
315	107.35	1073 	1.538
316	107.11	1071 	1.543
317	106.88	1069 	1.548
318	106.64	1066 	1.553
319	106.41	1064 	1.558
320	106.17	1062 	1.563
321	105.94	1059 	1.567
322	105.70	1057 	1.572
323	105.47	1055 	1.577
324	105.24	1052 	1.582
325	105.01	1050 	1.587
326	104.78	1048 	1.592
327	104.55	1045 	1.597
328	104.32	1043 	1.602
329	104.09	1041 	1.606
330	103.86	1039 	1.611
331	103.63	1036 	1.616
332	103.40	1034 	1.621
333	103.18	1032 	1.626
334	102.95	1030 	1.631
335	102.73	1027 	1.636
336	102.50	1025 	1.641
337	102.27	1023 	1.646
338	102.05	1021 	1.650
339	101.83	1018 	1.655
340	101.60	1016 	1.660
341	101.38	1014 	1.665
342	101.16	1012 	1.670
343	100.94	1009 	1.675
344	100.71	1007 	1.680
345	100.49	1005 	1.685
346	100.27	1003 	1.689
347	100.05	1001 	1.694
348	99.83	998 	1.699
349	99.61	996 	1.704
350	99.39	994 	1.709
351	99.18	992 	1.714
352	98.96	990 	1.719
353	98.74	987 	1.724
354	98.52	985 	1.729
355	98.31	983 	1.733
356	98.09	981 	1.738
357	97.88	979 	1.743
358	97.66	977 	1.748
359	97.45	974 	1.753
360	97.23	972 	1.758
361	97.02	970 	1.763
362	96.80	968 	1.768
363	96.59	966 	1.772
364	96.38	964 	1.777
365	96.17	962 	1.782
366	95.95	960 	1.787
367	95.74	957 	1.792
368	95.53	955 	1.797
369	95.32	953 	1.802
370	95.11	951 	1.807
371	94.90	949 	1.812
372	94.69	947 	1.816
373	94.48	945 	1.821
374	94.27	943 	1.826
375	94.07	941 	1.831
376	93.86	939 	1.836
377	93.65	937 	1.841
378	93.44	934 	1.846
379	93.24	932 	1.851
380	93.03	930 	1.855
381	92.82	928 	1.860
382	92.62	926 	1.865
383	92.41	924 	1.870
384	92.21	922 	1.875
385	92.00	920 	1.880
386	91.80	918 	1.885
387	91.60	916 	1.890
388	91.39	914 	1.895
389	91.19	912 	1.899
390	90.99	910 	1.904
391	90.78	908 	1.909
392	90.58	906 	1.914
393	90.38	904 	1.919
394	90.18	902 	1.924
395	89.98	900 	1.929
396	89.77	898 	1.934
397	89.57	896 	1.938
398	89.37	894 	1.943
399	89.17	892 	1.948
400	88.97	890 	1.953
401	88.77	888 	1.958
402	88.58	886 	1.963
403	88.38	884 	1.968
404	88.18	882 	1.973
405	87.98	880 	1.978
406	87.78	878 	1.982
407	87.58	876 	1.987
408	87.39	874 	1.992
409	87.19	872 	1.997
410	86.99	870 	2.002
411	86.80	868 	2.007
412	86.60	866 	2.012
413	86.41	864 	2.017
414	86.21	862 	2.021
415	86.01	860 	2.026
416	85.82	858 	2.031
417	85.62	856 	2.036
418	85.43	854 	2.041
419	85.24	852 	2.046
420	85.04	850 	2.051
421	84.85	848 	2.056
422	84.66	847 	2.061
423	84.46	845 	2.065
424	84.27	843 	2.070
425	84.08	841 	2.075
426	83.88	839 	2.080
427	83.69	837 	2.085
428	83.50	835 	2.090
429	83.31	833 	2.095
430	83.12	831 	2.100
431	82.93	829 	2.104
432	82.74	827 	2.109
433	82.55	825 	2.114
434	82.35	824 	2.119
435	82.16	822 	2.124
436	81.97	820 	2.129
437	81.78	818 	2.134
438	81.60	816 	2.139
439	81.41	814 	2.144
440	81.22	812 	2.148
441	81.03	810 	2.153
442	80.84	808 	2.158
443	80.65	807 	2.163
444	80.46	805 	2.168
445	80.28	803 	2.173
446	80.09	801 	2.178
447	79.90	799 	2.183
448	79.71	797 	2.188
449	79.53	795 	2.192
450	79.34	793 	2.197
451	79.15	792 	2.202
452	78.97	790 	2.207
453	78.78	788 	2.212
454	78.59	786 	2.217
455	78.41	784 	2.222
456	78.22	782 	2.227
457	78.04	780 	2.231
458	77.85	779 	2.236
459	77.67	777 	2.241
460	77.48	775 	2.246
461	77.30	773 	2.251
462	77.11	771 	2.256
463	76.93	769 	2.261
464	76.74	767 	2.266
465	76.56	766 	2.271
466	76.38	764 	2.275
467	76.19	762 	2.280
468	76.01	760 	2.285
469	75.83	758 	2.290
470	75.64	756 	2.295
471	75.46	755 	2.300
472	75.28	753 	2.305
473	75.10	751 	2.310
474	74.91	749 	2.314
475	74.73	747 	2.319
476	74.55	745 	2.324
477	74.37	744 	2.329
478	74.19	742 	2.334
479	74.00	740 	2.339
480	73.82	738 	2.344
481	73.64	736 	2.349
482	73.46	735 	2.354
483	73.28	733 	2.358
484	73.10	731 	2.363
485	72.92	729 	2.368
486	72.74	727 	2.373
487	72.56	726 	2.378
488	72.38	724 	2.383
489	72.20	722 	2.388
490	72.02	720 	2.393
491	71.84	718 	2.397
492	71.66	717 	2.402
493	71.48	715 	2.407
494	71.30	713 	2.412
495	71.12	711 	2.417
496	70.94	709 	2.422
497	70.76	708 	2.427
498	70.58	706 	2.432
499	70.40	704 	2.437
500	70.23	702 	2.441
501	70.05	700 	2.446
502	69.87	699 	2.451
503	69.69	697 	2.456
504	69.51	695 	2.461
505	69.34	693 	2.466
506	69.16	692 	2.471
507	68.98	690 	2.476
508	68.80	688 	2.480
509	68.62	686 	2.485
510	68.45	684 	2.490
511	68.27	683 	2.495
512	68.09	681 	2.500
513	67.92	679 	2.505
514	67.74	677 	2.510
515	67.56	676 	2.515
516	67.39	674 	2.520
517	67.21	672 	2.524
518	67.03	670 	2.529
519	66.86	669 	2.534
520	66.68	667 	2.539
521	66.50	665 	2.544
522	66.33	663 	2.549
523	66.15	662 	2.554
524	65.97	660 	2.559
525	65.80	658 	2.563
526	65.62	656 	2.568
527	65.45	654 	2.573
528	65.27	653 	2.578
529	65.10	651 	2.583
530	64.92	649 	2.588
531	64.75	647 	2.593
532	64.57	646 	2.598
533	64.40	644 	2.603
534	64.22	642 	2.607
535	64.04	640 	2.612
536	63.87	639 	2.617
537	63.70	637 	2.622
538	63.52	635 	2.627
539	63.35	633 	2.632
540	63.17	632 	2.637
541	63.00	630 	2.642
542	62.82	628 	2.646
543	62.65	626 	2.651
544	62.47	625 	2.656
545	62.30	623 	2.661
546	62.12	621 	2.666
547	61.95	619 	2.671
548	61.78	618 	2.676
549	61.60	616 	2.681
550	61.43	614 	2.686
551	61.25	613 	2.690
552	61.08	611 	2.695
553	60.91	609 	2.700
554	60.73	607 	2.705
555	60.56	606 	2.710
556	60.38	604 	2.715
557	60.21	602 	2.720
558	60.04	600 	2.725
559	59.86	599 	2.729
560	59.69	597 	2.734
561	59.52	595 	2.739
562	59.34	593 	2.744
563	59.17	592 	2.749
564	58.99	590 	2.754
565	58.82	588 	2.759
566	58.65	586 	2.764
567	58.47	585 	2.769
568	58.30	583 	2.773
569	58.13	581 	2.778
570	57.95	580 	2.783
571	57.78	578 	2.788
572	57.61	576 	2.793
573	57.43	574 	2.798
574	57.26	573 	2.803
575	57.09	571 	2.808
576	56.92	569 	2.813
577	56.74	567 	2.817
578	56.57	566 	2.822
579	56.40	564 	2.827
580	56.22	562 	2.832
581	56.05	560 	2.837
582	55.88	559 	2.842
583	55.70	557 	2.847
584	55.53	555 	2.852
585	55.36	554 	2.856
586	55.18	552 	2.861
587	55.01	550 	2.866
588	54.84	548 	2.871
589	54.67	547 	2.876
590	54.49	545 	2.881
591	54.32	543 	2.886
592	54.15	541 	2.891
593	53.97	540 	2.896
594	53.80	538 	2.900
595	53.63	536 	2.905
596	53.45	535 	2.910
597	53.28	533 	2.915
598	53.11	531 	2.920
599	52.94	529 	2.925
600	52.76	528 	2.930
601	52.59	526 	2.935
602	52.42	524 	2.939
603	52.24	522 	2.944
604	52.07	521 	2.949
605	51.90	519 	2.954
606	51.72	517 	2.959
607	51.55	515 	2.964
608	51.38	514 	2.969
609	51.20	512 	2.974
610	51.03	510 	2.979
611	50.86	509 	2.983
612	50.68	507 	2.988
613	50.51	505 	2.993
614	50.34	503 	2.998
615	50.16	502 	3.003
616	49.99	500 	3.008
617	49.82	498 	3.013
618	49.64	496 	3.018
619	49.47	495 	3.022
620	49.29	493 	3.027
621	49.12	491 	3.032
622	48.95	489 	3.037
623	48.77	488 	3.042
624	48.60	486 	3.047
625	48.43	484 	3.052
626	48.25	483 	3.057
627	48.08	481 	3.062
628	47.90	479 	3.066
629	47.73	477 	3.071
630	47.56	476 	3.076
631	47.38	474 	3.081
632	47.21	472 	3.086
633	47.03	470 	3.091
634	46.86	469 	3.096
635	46.68	467 	3.101
636	46.51	465 	3.105
637	46.33	463 	3.110
638	46.16	462 	3.115
639	45.98	460 	3.120
640	45.81	458 	3.125
641	45.63	456 	3.130
642	45.46	455 	3.135
643	45.28	453 	3.140
644	45.11	451 	3.145
645	44.93	449 	3.149
646	44.76	448 	3.154
647	44.58	446 	3.159
648	44.41	444 	3.164
649	44.23	442 	3.169
650	44.06	441 	3.174
651	43.88	439 	3.179
652	43.71	437 	3.184
653	43.53	435 	3.188
654	43.35	434 	3.193
655	43.18	432 	3.198
656	43.00	430 	3.203
657	42.82	428 	3.208
658	42.65	426 	3.213
659	42.47	425 	3.218
660	42.29	423 	3.223
661	42.12	421 	3.228
662	41.94	419 	3.232
663	41.76	418 	3.237
664	41.59	416 	3.242
665	41.41	414 	3.247
666	41.23	412 	3.252
667	41.05	411 	3.257
668	40.88	409 	3.262
669	40.70	407 	3.267
670	40.52	405 	3.271
671	40.34	403 	3.276
672	40.17	402 	3.281
673	39.99	400 	3.286
674	39.81	398 	3.291
675	39.63	396 	3.296
676	39.45	395 	3.301
677	39.27	393 	3.306
678	39.09	391 	3.311
679	38.92	389 	3.315
680	38.74	387 	3.320
681	38.56	386 	3.325
682	38.38	384 	3.330
683	38.20	382 	3.335
684	38.02	380 	3.340
685	37.84	378 	3.345
686	37.66	377 	3.350
687	37.48	375 	3.354
688	37.30	373 	3.359
689	37.12	371 	3.364
690	36.94	369 	3.369
691	36.76	368 	3.374
692	36.57	366 	3.379
693	36.39	364 	3.384
694	36.21	362 	3.389
695	36.03	360 	3.394
696	35.85	358 	3.398
697	35.67	357 	3.403
698	35.49	355 	3.408
699	35.30	353 	3.413
700	35.12	351 	3.418
701	34.94	349 	3.423
702	34.76	348 	3.428
703	34.57	346 	3.433
704	34.39	344 	3.438
705	34.21	342 	3.442
706	34.02	340 	3.447
707	33.84	338 	3.452
708	33.65	337 	3.457
709	33.47	335 	3.462
710	33.29	333 	3.467
711	33.10	331 	3.472
712	32.92	329 	3.477
713	32.73	327 	3.481
714	32.55	325 	3.486
715	32.36	324 	3.491
716	32.18	322 	3.496
717	31.99	320 	3.501
718	31.80	318 	3.506
719	31.62	316 	3.511
720	31.43	314 	3.516
721	31.24	312 	3.521
722	31.06	311 	3.525
723	30.87	309 	3.530
724	30.68	307 	3.535
725	30.49	305 	3.540
726	30.31	303 	3.545
727	30.12	301 	3.550
728	29.93	299 	3.555
729	29.74	297 	3.560
730	29.55	296 	3.564
731	29.36	294 	3.569
732	29.17	292 	3.574
733	28.98	290 	3.579
734	28.79	288 	3.584
735	28.60	286 	3.589
736	28.41	284 	3.594
737	28.22	282 	3.599
738	28.03	280 	3.604
739	27.84	278 	3.608
740	27.65	276 	3.613
741	27.46	275 	3.618
742	27.26	273 	3.623
743	27.07	271 	3.628
744	26.88	269 	3.633
745	26.69	267 	3.638
746	26.49	265 	3.643
747	26.30	263 	3.647
748	26.10	261 	3.652
749	25.91	259 	3.657
750	25.72	257 	3.662
751	25.52	255 	3.667
752	25.33	253 	3.672
753	25.13	251 	3.677
754	24.93	249 	3.682
755	24.74	247 	3.687
756	24.54	245 	3.691
757	24.34	243 	3.696
758	24.15	241 	3.701
759	23.95	239 	3.706
760	23.75	238 	3.711
761	23.55	236 	3.716
762	23.36	234 	3.721
763	23.16	232 	3.726
764	22.96	230 	3.730
765	22.76	228 	3.735
766	22.56	226 	3.740
767	22.36	224 	3.745
768	22.16	222 	3.750
769	21.95	220 	3.755
770	21.75	218 	3.760
771	21.55	216 	3.765
772	21.35	213 	3.770
773	21.15	211 	3.774
774	20.94	209 	3.779
775	20.74	207 	3.784
776	20.54	205 	3.789
777	20.33	203 	3.794
778	20.13	201 	3.799
779	19.92	199 	3.804
780	19.72	197 	3.809
781	19.51	195 	3.813
782	19.30	193 	3.818
783	19.10	191 	3.823
784	18.89	189 	3.828
785	18.68	187 	3.833
786	18.47	185 	3.838
787	18.26	183 	3.843
788	18.06	181 	3.848
789	17.85	178 	3.853
790	17.64	176 	3.857
791	17.43	174 	3.862
792	17.21	172 	3.867
793	17.00	170 	3.872
794	16.79	168 	3.877
795	16.58	166 	3.882
796	16.37	164 	3.887
797	16.15	162 	3.892
798	15.94	159 	3.896
799	15.72	157 	3.901
800	15.51	155 	3.906
801	15.29	153 	3.911
802	15.08	151 	3.916
803	14.86	149 	3.921
804	14.64	146 	3.926
805	14.43	144 	3.931
806	14.21	142 	3.936
807	13.99	140 	3.940
808	13.77	138 	3.945
809	13.55	135 	3.950
810	13.33	133 	3.955
811	13.11	131 	3.960
812	12.89	129 	3.965
813	12.66	127 	3.970
814	12.44	124 	3.975
815	12.22	122 	3.979
816	11.99	120 	3.984
817	11.77	118 	3.989
818	11.54	115 	3.994
819	11.32	113 	3.999
820	11.09	111 	4.004
821	10.86	109 	4.009
822	10.64	106 	4.014
823	10.41	104 	4.019
824	10.18	102 	4.023
825	9.95	99 	4.028
826	9.72	97 	4.033
827	9.49	95 	4.038
828	9.25	93 	4.043
829	9.02	90 	4.048
830	8.79	88 	4.053
831	8.55	86 	4.058
832	8.32	83 	4.063
833	8.08	81 	4.067
834	7.85	78 	4.072
835	7.61	76 	4.077
836	7.37	74 	4.082
837	7.13	71 	4.087
838	6.89	69 	4.092
839	6.65	67 	4.097
840	6.41	64 	4.102
841	6.17	62 	4.106
842	5.93	59 	4.111
843	5.68	57 	4.116
844	5.44	54 	4.121
845	5.19	52 	4.126
846	4.95	49 	4.131
847	4.70	47 	4.136
848	4.45	45 	4.141
849	4.20	42 	4.146
850	3.95	40 	4.150
851	3.70	37 	4.155
852	3.45	35 	4.160
853	3.20	32 	4.165
854	2.95	29 	4.170
855	2.69	27 	4.175
856	2.44	24 	4.180
857	2.18	22 	4.185
858	1.92	19 	4.189
859	1.67	17 	4.194
860	1.41	14 	4.199
861	1.15	11 	4.204
862	0.88	9 	4.209
863	0.62	6 	4.214
864	0.36	4 	4.219
865	0.09	1 	4.224
866	-0.17	-2 	4.229
867	-0.44	-4 	4.233
868	-0.71	-7 	4.238
869	-0.98	-10 	4.243
870	-1.25	-12 	4.248
871	-1.52	-15 	4.253
872	-1.79	-18 	4.258
873	-2.06	-21 	4.263
874	-2.34	-23 	4.268
875	-2.62	-26 	4.272
876	-2.89	-29 	4.277
877	-3.17	-32 	4.282
878	-3.45	-35 	4.287
879	-3.73	-37 	4.292
880	-4.02	-40 	4.297
881	-4.30	-43 	4.302
882	-4.59	-46 	4.307
883	-4.87	-49 	4.312
884	-5.16	-52 	4.316
885	-5.45	-55 	4.321
886	-5.74	-57 	4.326
887	-6.04	-60 	4.331
888	-6.33	-63 	4.336
889	-6.63	-66 	4.341
890	-6.92	-69 	4.346
891	-7.22	-72 	4.351
892	-7.52	-75 	4.355
893	-7.82	-78 	4.360
894	-8.13	-81 	4.365
895	-8.43	-84 	4.370
896	-8.74	-87 	4.375
897	-9.05	-90 	4.380
898	-9.36	-94 	4.385
899	-9.67	-97 	4.390
900	-9.99	-100 	4.395
901	-10.30	-103 	4.399
902	-10.62	-106 	4.404
903	-10.94	-109 	4.409
904	-11.26	-113 	4.414
905	-11.58	-116 	4.419
906	-11.91	-119 	4.424
907	-12.24	-122 	4.429
908	-12.57	-126 	4.434
909	-12.90	-129 	4.438
910	-13.23	-132 	4.443
911	-13.57	-136 	4.448
912	-13.91	-139 	4.453
913	-14.25	-142 	4.458
914	-14.59	-146 	4.463
915	-14.93	-149 	4.468
916	-15.28	-153 	4.473
917	-15.63	-156 	4.478
918	-15.98	-160 	4.482
919	-16.34	-163 	4.487
920	-16.69	-167 	4.492
921	-17.05	-171 	4.497
922	-17.42	-174 	4.502
923	-17.78	-178 	4.507
924	-18.15	-181 	4.512
925	-18.52	-185 	4.517
926	-18.89	-189 	4.521
927	-19.27	-193 	4.526
928	-19.65	-196 	4.531
929	-20.03	-200 	4.536
930	-20.42	-204 	4.541
931	-20.81	-208 	4.546
932	-21.20	-212 	4.551
933	-21.59	-216 	4.556
934	-21.99	-220 	4.561
935	-22.39	-224 	4.565
936	-22.80	-228 	4.570
937	-23.21	-232 	4.575
938	-23.62	-236 	4.580
939	-24.04	-240 	4.585
940	-24.46	-245 	4.590
941	-24.88	-249 	4.595
942	-25.31	-253 	4.600
943	-25.74	-257 	4.604
944	-26.18	-262 	4.609
945	-26.62	-266 	4.614
946	-27.06	-271 	4.619
947	-27.51	-275 	4.624
948	-27.97	-280 	4.629
949	-28.43	-284 	4.634
950	-28.89	-289 	4.639
951	-29.36	-294 	4.644
952	-29.84	-298 	4.648
953	-30.32	-303 	4.653
954	-30.80	-308 	4.658
955	-31.29	-313 	4.663
956	-31.79	-318 	4.668
957	-32.29	-323 	4.673
958	-32.80	-328 	4.678
959	-33.31	-333 	4.683
960	-33.84	-338 	4.688
961	-34.36	-344 	4.692
962	-34.90	-349 	4.697
963	-35.44	-354 	4.702
964	-35.99	-360 	4.707
965	-36.55	-365 	4.712
966	-37.11	-371 	4.717
967	-37.68	-377 	4.722
968	-38.27	-383 	4.727
969	-38.86	-389 	4.731
970	-39.45	-395 	4.736
971	70.00	700 	4.741
972	70.00	700 	4.746
973	70.00	700 	4.751
974	70.00	700 	4.756
975	70.00	700 	4.761
976	70.00	700 	4.766
977	70.00	700 	4.771
978	70.00	700 	4.775
979	70.00	700 	4.780
980	70.00	700 	4.785
981	70.00	700 	4.790
982	70.00	700 	4.795
983	70.00	700 	4.800
984	70.00	700 	4.805
985	70.00	700 	4.810
986	70.00	700 	4.814
987	70.00	700 	4.819
988	70.00	700 	4.824
989	70.00	700 	4.829
990	70.00	700 	4.834
991	70.00	700 	4.839
992	70.00	700 	4.844
993	70.00	700 	4.849
994	70.00	700 	4.854
995	70.00	700 	4.858
996	70.00	700 	4.863
997	70.00	700 	4.868
998	70.00	700 	4.873
999	70.00	700 	4.878
1000	70.00	700 	4.883
1001	70.00	700 	4.888
1002	70.00	700 	4.893
1003	70.00	700 	4.897
1004	70.00	700 	4.902
1005	70.00	700 	4.907
1006	70.00	700 	4.912
1007	70.00	700 	4.917
1008	70.00	700 	4.922
1009	70.00	700 	4.927
1010	70.00	700 	4.932
1011	70.00	700 	4.937
1012	70.00	700 	4.941
1013	70.00	700 	4.946
1014	70.00	700 	4.951
1015	70.00	700 	4.956
1016	70.00	700 	4.961
1017	70.00	700 	4.966
1018	70.00	700 	4.971
1019	70.00	700 	4.976
1020	70.00	700 	4.980
1021	70.00	700 	4.985
1022	70.00	700 	4.990
1023	70.00	700 	4.995
